<?xml version="1.0" encoding="UTF-8"?>
<!-- Generated by org.testng.reporters.JUnitXMLReporter -->
<testsuite hostname="scott-home-macbookpro" name="BVT on Chrome" tests="3" failures="0" timestamp="16 Sep 2015 09:01:46 GMT" time="22.084" errors="0">
  <testcase name="testGitHubLink" time="9.247" classname="automationFramework.TestCase"/>
  <testcase name="testProjectLink" time="3.003" classname="automationFramework.TestCase"/>
  <testcase name="testTitle" time="1.905" classname="automationFramework.TestCase"/>
</testsuite> <!-- BVT on Chrome -->
