<?xml version="1.0" encoding="UTF-8"?>
<!-- Generated by org.testng.reporters.JUnitXMLReporter -->
<testsuite hostname="scott-home-macbookpro" name="Run on Firefox" tests="3" failures="0" timestamp="16 Sep 2015 09:01:59 GMT" time="34.47" errors="0">
  <testcase name="testGitHubLink" time="21.941" classname="automationFramework.TestCase"/>
  <testcase name="testProjectLink" time="3.255" classname="automationFramework.TestCase"/>
  <testcase name="testTitle" time="0.59" classname="automationFramework.TestCase"/>
</testsuite> <!-- Run on Firefox -->
