<?xml version="1.0" encoding="UTF-8"?>
<!-- Generated by org.testng.reporters.JUnitXMLReporter -->
<testsuite hostname="scott-home-macbookpro" name="Default test" tests="3" failures="0" timestamp="15 Sep 2015 06:11:54 GMT" time="12.625" errors="0">
  <testcase name="testGitHubLink" time="4.071" classname="automationFramework.TestCase"/>
  <testcase name="testProjectLink" time="3.24" classname="automationFramework.TestCase"/>
  <testcase name="testTitle" time="0.2" classname="automationFramework.TestCase"/>
</testsuite> <!-- Default test -->
