<?xml version="1.0" encoding="UTF-8"?>
<testng-results skipped="0" failed="0" total="6" passed="6">
  <reporter-output>
  </reporter-output>
  <suite name="Test case run on Two environment" duration-ms="34470" started-at="2015-09-16T09:01:24Z" finished-at="2015-09-16T09:01:59Z">
    <groups>
    </groups>
    <test name="BVT on Chrome" duration-ms="22084" started-at="2015-09-16T09:01:24Z" finished-at="2015-09-16T09:01:46Z">
      <class name="automationFramework.TestCase">
        <test-method status="PASS" signature="beforeClass(java.lang.String, java.lang.String, java.lang.String)[pri:0, instance:automationFramework.TestCase@2c8d66b2]" name="beforeClass" is-config="true" duration-ms="7184" started-at="2015-09-16T02:01:24Z" finished-at="2015-09-16T02:01:31Z">
          <params>
            <param index="0">
              <value>
                <![CDATA[chrome]]>
              </value>
            </param>
            <param index="1">
              <value>
                <![CDATA[]]>
              </value>
            </param>
            <param index="2">
              <value>
                <![CDATA[Mac]]>
              </value>
            </param>
          </params>
          <reporter-output>
          </reporter-output>
        </test-method> <!-- beforeClass -->
        <test-method status="PASS" signature="testGitHubLink()[pri:0, instance:automationFramework.TestCase@2c8d66b2]" name="testGitHubLink" duration-ms="9247" started-at="2015-09-16T02:01:31Z" finished-at="2015-09-16T02:01:41Z">
          <reporter-output>
          </reporter-output>
        </test-method> <!-- testGitHubLink -->
        <test-method status="PASS" signature="afterMethod()[pri:0, instance:automationFramework.TestCase@2c8d66b2]" name="afterMethod" is-config="true" duration-ms="59" started-at="2015-09-16T02:01:41Z" finished-at="2015-09-16T02:01:41Z">
          <reporter-output>
          </reporter-output>
        </test-method> <!-- afterMethod -->
        <test-method status="PASS" signature="testProjectLink()[pri:0, instance:automationFramework.TestCase@2c8d66b2]" name="testProjectLink" duration-ms="3003" started-at="2015-09-16T02:01:41Z" finished-at="2015-09-16T02:01:44Z">
          <reporter-output>
          </reporter-output>
        </test-method> <!-- testProjectLink -->
        <test-method status="PASS" signature="afterMethod()[pri:0, instance:automationFramework.TestCase@2c8d66b2]" name="afterMethod" is-config="true" duration-ms="21" started-at="2015-09-16T02:01:44Z" finished-at="2015-09-16T02:01:44Z">
          <reporter-output>
          </reporter-output>
        </test-method> <!-- afterMethod -->
        <test-method status="PASS" signature="testTitle()[pri:0, instance:automationFramework.TestCase@2c8d66b2]" name="testTitle" duration-ms="1905" started-at="2015-09-16T02:01:44Z" finished-at="2015-09-16T02:01:46Z">
          <reporter-output>
          </reporter-output>
        </test-method> <!-- testTitle -->
        <test-method status="PASS" signature="afterMethod()[pri:0, instance:automationFramework.TestCase@2c8d66b2]" name="afterMethod" is-config="true" duration-ms="19" started-at="2015-09-16T02:01:46Z" finished-at="2015-09-16T02:01:46Z">
          <reporter-output>
          </reporter-output>
        </test-method> <!-- afterMethod -->
        <test-method status="PASS" signature="afterTest()[pri:0, instance:automationFramework.TestCase@2c8d66b2]" name="afterTest" is-config="true" duration-ms="619" started-at="2015-09-16T02:01:46Z" finished-at="2015-09-16T02:01:46Z">
          <reporter-output>
          </reporter-output>
        </test-method> <!-- afterTest -->
      </class> <!-- automationFramework.TestCase -->
    </test> <!-- BVT on Chrome -->
    <test name="Run on Firefox" duration-ms="34470" started-at="2015-09-16T09:01:24Z" finished-at="2015-09-16T09:01:59Z">
      <class name="automationFramework.TestCase">
        <test-method status="PASS" signature="beforeClass(java.lang.String, java.lang.String, java.lang.String)[pri:0, instance:automationFramework.TestCase@30c7da1e]" name="beforeClass" is-config="true" duration-ms="8284" started-at="2015-09-16T02:01:24Z" finished-at="2015-09-16T02:01:32Z">
          <params>
            <param index="0">
              <value>
                <![CDATA[firefox]]>
              </value>
            </param>
            <param index="1">
              <value>
                <![CDATA[]]>
              </value>
            </param>
            <param index="2">
              <value>
                <![CDATA[Mac]]>
              </value>
            </param>
          </params>
          <reporter-output>
          </reporter-output>
        </test-method> <!-- beforeClass -->
        <test-method status="PASS" signature="testGitHubLink()[pri:0, instance:automationFramework.TestCase@30c7da1e]" name="testGitHubLink" duration-ms="21941" started-at="2015-09-16T02:01:32Z" finished-at="2015-09-16T02:01:54Z">
          <reporter-output>
          </reporter-output>
        </test-method> <!-- testGitHubLink -->
        <test-method status="PASS" signature="afterMethod()[pri:0, instance:automationFramework.TestCase@30c7da1e]" name="afterMethod" is-config="true" duration-ms="12" started-at="2015-09-16T02:01:54Z" finished-at="2015-09-16T02:01:54Z">
          <reporter-output>
          </reporter-output>
        </test-method> <!-- afterMethod -->
        <test-method status="PASS" signature="testProjectLink()[pri:0, instance:automationFramework.TestCase@30c7da1e]" name="testProjectLink" duration-ms="3255" started-at="2015-09-16T02:01:54Z" finished-at="2015-09-16T02:01:58Z">
          <reporter-output>
          </reporter-output>
        </test-method> <!-- testProjectLink -->
        <test-method status="PASS" signature="afterMethod()[pri:0, instance:automationFramework.TestCase@30c7da1e]" name="afterMethod" is-config="true" duration-ms="75" started-at="2015-09-16T02:01:58Z" finished-at="2015-09-16T02:01:58Z">
          <reporter-output>
          </reporter-output>
        </test-method> <!-- afterMethod -->
        <test-method status="PASS" signature="testTitle()[pri:0, instance:automationFramework.TestCase@30c7da1e]" name="testTitle" duration-ms="590" started-at="2015-09-16T02:01:58Z" finished-at="2015-09-16T02:01:58Z">
          <reporter-output>
          </reporter-output>
        </test-method> <!-- testTitle -->
        <test-method status="PASS" signature="afterMethod()[pri:0, instance:automationFramework.TestCase@30c7da1e]" name="afterMethod" is-config="true" duration-ms="9" started-at="2015-09-16T02:01:58Z" finished-at="2015-09-16T02:01:58Z">
          <reporter-output>
          </reporter-output>
        </test-method> <!-- afterMethod -->
        <test-method status="PASS" signature="afterTest()[pri:0, instance:automationFramework.TestCase@30c7da1e]" name="afterTest" is-config="true" duration-ms="283" started-at="2015-09-16T02:01:58Z" finished-at="2015-09-16T02:01:59Z">
          <reporter-output>
          </reporter-output>
        </test-method> <!-- afterTest -->
      </class> <!-- automationFramework.TestCase -->
    </test> <!-- Run on Firefox -->
  </suite> <!-- Test case run on Two environment -->
</testng-results>
